[15:02:47.607][ERROR][ForkJoinPool.commonPool-worker-9][org.springframework.boot.SpringApplication         :826] Application run failed
java.lang.IllegalStateException: Failed to load property source from location 'file:./application.yml'
	at org.springframework.boot.context.config.ConfigFileApplicationListener$Loader.load(ConfigFileApplicationListener.java:545)
	at org.springframework.boot.context.config.ConfigFileApplicationListener$Loader.loadForFileExtension(ConfigFileApplicationListener.java:494)
	at org.springframework.boot.context.config.ConfigFileApplicationListener$Loader.load(ConfigFileApplicationListener.java:464)
	at org.springframework.boot.context.config.ConfigFileApplicationListener$Loader.lambda$null$7(ConfigFileApplicationListener.java:443)
	at java.lang.Iterable.forEach(Iterable.java:75)
	at org.springframework.boot.context.config.ConfigFileApplicationListener$Loader.lambda$load$8(ConfigFileApplicationListener.java:443)
	at java.lang.Iterable.forEach(Iterable.java:75)
	at org.springframework.boot.context.config.ConfigFileApplicationListener$Loader.load(ConfigFileApplicationListener.java:440)
	at org.springframework.boot.context.config.ConfigFileApplicationListener$Loader.lambda$load$0(ConfigFileApplicationListener.java:335)
	at org.springframework.boot.context.config.FilteredPropertySource.apply(FilteredPropertySource.java:54)
	at org.springframework.boot.context.config.ConfigFileApplicationListener$Loader.load(ConfigFileApplicationListener.java:323)
	at org.springframework.boot.context.config.ConfigFileApplicationListener.addPropertySources(ConfigFileApplicationListener.java:214)
	at org.springframework.boot.context.config.ConfigFileApplicationListener.postProcessEnvironment(ConfigFileApplicationListener.java:198)
	at org.springframework.boot.context.config.ConfigFileApplicationListener.onApplicationEnvironmentPreparedEvent(ConfigFileApplicationListener.java:188)
	at org.springframework.boot.context.config.ConfigFileApplicationListener.onApplicationEvent(ConfigFileApplicationListener.java:176)
	at org.springframework.context.event.SimpleApplicationEventMulticaster.doInvokeListener(SimpleApplicationEventMulticaster.java:172)
	at org.springframework.context.event.SimpleApplicationEventMulticaster.invokeListener(SimpleApplicationEventMulticaster.java:165)
	at org.springframework.context.event.SimpleApplicationEventMulticaster.multicastEvent(SimpleApplicationEventMulticaster.java:139)
	at org.springframework.context.event.SimpleApplicationEventMulticaster.multicastEvent(SimpleApplicationEventMulticaster.java:127)
	at org.springframework.boot.context.event.EventPublishingRunListener.environmentPrepared(EventPublishingRunListener.java:76)
	at org.springframework.boot.SpringApplicationRunListeners.environmentPrepared(SpringApplicationRunListeners.java:53)
	at org.springframework.boot.SpringApplication.prepareEnvironment(SpringApplication.java:345)
	at org.springframework.boot.SpringApplication.run(SpringApplication.java:308)
	at org.springframework.boot.SpringApplication.run(SpringApplication.java:1226)
	at org.springframework.boot.SpringApplication.run(SpringApplication.java:1215)
	at de.felixroske.jfxsupport.AbstractJavaFxApplicationSupport.lambda$init$1(AbstractJavaFxApplicationSupport.java:124)
	at java.util.concurrent.CompletableFuture$AsyncSupply.run$$$capture(CompletableFuture.java:1590)
	at java.util.concurrent.CompletableFuture$AsyncSupply.run(CompletableFuture.java)
	at java.util.concurrent.CompletableFuture$AsyncSupply.exec(CompletableFuture.java:1582)
	at java.util.concurrent.ForkJoinTask.doExec$$$capture(ForkJoinTask.java:289)
	at java.util.concurrent.ForkJoinTask.doExec(ForkJoinTask.java)
	at java.util.concurrent.ForkJoinPool$WorkQueue.runTask(ForkJoinPool.java:1056)
	at java.util.concurrent.ForkJoinPool.runWorker(ForkJoinPool.java:1692)
	at java.util.concurrent.ForkJoinWorkerThread.run(ForkJoinWorkerThread.java:157)
Caused by: org.yaml.snakeyaml.scanner.ScannerException: while scanning an alias
 in 'reader', line 24, column 10:
        end: *
             ^
expected alphabetic or numeric character, but found (13)
 in 'reader', line 24, column 11:
        end: *
              ^

	at org.yaml.snakeyaml.scanner.ScannerImpl.scanAnchor(ScannerImpl.java:1444)
	at org.yaml.snakeyaml.scanner.ScannerImpl.fetchAlias(ScannerImpl.java:916)
	at org.yaml.snakeyaml.scanner.ScannerImpl.fetchMoreTokens(ScannerImpl.java:364)
	at org.yaml.snakeyaml.scanner.ScannerImpl.checkToken(ScannerImpl.java:227)
	at org.yaml.snakeyaml.parser.ParserImpl$ParseBlockMappingValue.produce(ParserImpl.java:586)
	at org.yaml.snakeyaml.parser.ParserImpl.peekEvent(ParserImpl.java:158)
	at org.yaml.snakeyaml.parser.ParserImpl.checkEvent(ParserImpl.java:148)
	at org.yaml.snakeyaml.composer.Composer.composeNode(Composer.java:124)
	at org.yaml.snakeyaml.composer.Composer.composeValueNode(Composer.java:239)
	at org.yaml.snakeyaml.composer.Composer.composeMappingChildren(Composer.java:230)
	at org.yaml.snakeyaml.composer.Composer.composeMappingNode(Composer.java:218)
	at org.yaml.snakeyaml.composer.Composer.composeNode(Composer.java:144)
	at org.yaml.snakeyaml.composer.Composer.composeValueNode(Composer.java:239)
	at org.yaml.snakeyaml.composer.Composer.composeMappingChildren(Composer.java:230)
	at org.yaml.snakeyaml.composer.Composer.composeMappingNode(Composer.java:218)
	at org.yaml.snakeyaml.composer.Composer.composeNode(Composer.java:144)
	at org.yaml.snakeyaml.composer.Composer.composeValueNode(Composer.java:239)
	at org.yaml.snakeyaml.composer.Composer.composeMappingChildren(Composer.java:230)
	at org.yaml.snakeyaml.composer.Composer.composeMappingNode(Composer.java:218)
	at org.yaml.snakeyaml.composer.Composer.composeNode(Composer.java:144)
	at org.yaml.snakeyaml.composer.Composer.getNode(Composer.java:85)
	at org.yaml.snakeyaml.constructor.BaseConstructor.getData(BaseConstructor.java:125)
	at org.yaml.snakeyaml.Yaml$1.next(Yaml.java:548)
	at org.springframework.beans.factory.config.YamlProcessor.process(YamlProcessor.java:160)
	at org.springframework.beans.factory.config.YamlProcessor.process(YamlProcessor.java:134)
	at org.springframework.boot.env.OriginTrackedYamlLoader.load(OriginTrackedYamlLoader.java:75)
	at org.springframework.boot.env.YamlPropertySourceLoader.load(YamlPropertySourceLoader.java:50)
	at org.springframework.boot.context.config.ConfigFileApplicationListener$Loader.loadDocuments(ConfigFileApplicationListener.java:562)
	at org.springframework.boot.context.config.ConfigFileApplicationListener$Loader.load(ConfigFileApplicationListener.java:518)
	... 33 common frames omitted
[15:02:47.609][ERROR][ForkJoinPool.commonPool-worker-9][d.f.jfxsupport.AbstractJavaFxApplicationSupport    :127] Failed to load spring application context: 
java.util.concurrent.CompletionException: java.lang.IllegalStateException: Failed to load property source from location 'file:./application.yml'
	at java.util.concurrent.CompletableFuture.encodeThrowable(CompletableFuture.java:273)
	at java.util.concurrent.CompletableFuture.completeThrowable(CompletableFuture.java:280)
	at java.util.concurrent.CompletableFuture$AsyncSupply.run$$$capture(CompletableFuture.java:1592)
	at java.util.concurrent.CompletableFuture$AsyncSupply.run(CompletableFuture.java)
	at java.util.concurrent.CompletableFuture$AsyncSupply.exec(CompletableFuture.java:1582)
	at java.util.concurrent.ForkJoinTask.doExec$$$capture(ForkJoinTask.java:289)
	at java.util.concurrent.ForkJoinTask.doExec(ForkJoinTask.java)
	at java.util.concurrent.ForkJoinPool$WorkQueue.runTask(ForkJoinPool.java:1056)
	at java.util.concurrent.ForkJoinPool.runWorker(ForkJoinPool.java:1692)
	at java.util.concurrent.ForkJoinWorkerThread.run(ForkJoinWorkerThread.java:157)
Caused by: java.lang.IllegalStateException: Failed to load property source from location 'file:./application.yml'
	at org.springframework.boot.context.config.ConfigFileApplicationListener$Loader.load(ConfigFileApplicationListener.java:545)
	at org.springframework.boot.context.config.ConfigFileApplicationListener$Loader.loadForFileExtension(ConfigFileApplicationListener.java:494)
	at org.springframework.boot.context.config.ConfigFileApplicationListener$Loader.load(ConfigFileApplicationListener.java:464)
	at org.springframework.boot.context.config.ConfigFileApplicationListener$Loader.lambda$null$7(ConfigFileApplicationListener.java:443)
	at java.lang.Iterable.forEach(Iterable.java:75)
	at org.springframework.boot.context.config.ConfigFileApplicationListener$Loader.lambda$load$8(ConfigFileApplicationListener.java:443)
	at java.lang.Iterable.forEach(Iterable.java:75)
	at org.springframework.boot.context.config.ConfigFileApplicationListener$Loader.load(ConfigFileApplicationListener.java:440)
	at org.springframework.boot.context.config.ConfigFileApplicationListener$Loader.lambda$load$0(ConfigFileApplicationListener.java:335)
	at org.springframework.boot.context.config.FilteredPropertySource.apply(FilteredPropertySource.java:54)
	at org.springframework.boot.context.config.ConfigFileApplicationListener$Loader.load(ConfigFileApplicationListener.java:323)
	at org.springframework.boot.context.config.ConfigFileApplicationListener.addPropertySources(ConfigFileApplicationListener.java:214)
	at org.springframework.boot.context.config.ConfigFileApplicationListener.postProcessEnvironment(ConfigFileApplicationListener.java:198)
	at org.springframework.boot.context.config.ConfigFileApplicationListener.onApplicationEnvironmentPreparedEvent(ConfigFileApplicationListener.java:188)
	at org.springframework.boot.context.config.ConfigFileApplicationListener.onApplicationEvent(ConfigFileApplicationListener.java:176)
	at org.springframework.context.event.SimpleApplicationEventMulticaster.doInvokeListener(SimpleApplicationEventMulticaster.java:172)
	at org.springframework.context.event.SimpleApplicationEventMulticaster.invokeListener(SimpleApplicationEventMulticaster.java:165)
	at org.springframework.context.event.SimpleApplicationEventMulticaster.multicastEvent(SimpleApplicationEventMulticaster.java:139)
	at org.springframework.context.event.SimpleApplicationEventMulticaster.multicastEvent(SimpleApplicationEventMulticaster.java:127)
	at org.springframework.boot.context.event.EventPublishingRunListener.environmentPrepared(EventPublishingRunListener.java:76)
	at org.springframework.boot.SpringApplicationRunListeners.environmentPrepared(SpringApplicationRunListeners.java:53)
	at org.springframework.boot.SpringApplication.prepareEnvironment(SpringApplication.java:345)
	at org.springframework.boot.SpringApplication.run(SpringApplication.java:308)
	at org.springframework.boot.SpringApplication.run(SpringApplication.java:1226)
	at org.springframework.boot.SpringApplication.run(SpringApplication.java:1215)
	at de.felixroske.jfxsupport.AbstractJavaFxApplicationSupport.lambda$init$1(AbstractJavaFxApplicationSupport.java:124)
	at java.util.concurrent.CompletableFuture$AsyncSupply.run$$$capture(CompletableFuture.java:1590)
	... 7 common frames omitted
Caused by: org.yaml.snakeyaml.scanner.ScannerException: while scanning an alias
 in 'reader', line 24, column 10:
        end: *
             ^
expected alphabetic or numeric character, but found (13)
 in 'reader', line 24, column 11:
        end: *
              ^

	at org.yaml.snakeyaml.scanner.ScannerImpl.scanAnchor(ScannerImpl.java:1444)
	at org.yaml.snakeyaml.scanner.ScannerImpl.fetchAlias(ScannerImpl.java:916)
	at org.yaml.snakeyaml.scanner.ScannerImpl.fetchMoreTokens(ScannerImpl.java:364)
	at org.yaml.snakeyaml.scanner.ScannerImpl.checkToken(ScannerImpl.java:227)
	at org.yaml.snakeyaml.parser.ParserImpl$ParseBlockMappingValue.produce(ParserImpl.java:586)
	at org.yaml.snakeyaml.parser.ParserImpl.peekEvent(ParserImpl.java:158)
	at org.yaml.snakeyaml.parser.ParserImpl.checkEvent(ParserImpl.java:148)
	at org.yaml.snakeyaml.composer.Composer.composeNode(Composer.java:124)
	at org.yaml.snakeyaml.composer.Composer.composeValueNode(Composer.java:239)
	at org.yaml.snakeyaml.composer.Composer.composeMappingChildren(Composer.java:230)
	at org.yaml.snakeyaml.composer.Composer.composeMappingNode(Composer.java:218)
	at org.yaml.snakeyaml.composer.Composer.composeNode(Composer.java:144)
	at org.yaml.snakeyaml.composer.Composer.composeValueNode(Composer.java:239)
	at org.yaml.snakeyaml.composer.Composer.composeMappingChildren(Composer.java:230)
	at org.yaml.snakeyaml.composer.Composer.composeMappingNode(Composer.java:218)
	at org.yaml.snakeyaml.composer.Composer.composeNode(Composer.java:144)
	at org.yaml.snakeyaml.composer.Composer.composeValueNode(Composer.java:239)
	at org.yaml.snakeyaml.composer.Composer.composeMappingChildren(Composer.java:230)
	at org.yaml.snakeyaml.composer.Composer.composeMappingNode(Composer.java:218)
	at org.yaml.snakeyaml.composer.Composer.composeNode(Composer.java:144)
	at org.yaml.snakeyaml.composer.Composer.getNode(Composer.java:85)
	at org.yaml.snakeyaml.constructor.BaseConstructor.getData(BaseConstructor.java:125)
	at org.yaml.snakeyaml.Yaml$1.next(Yaml.java:548)
	at org.springframework.beans.factory.config.YamlProcessor.process(YamlProcessor.java:160)
	at org.springframework.beans.factory.config.YamlProcessor.process(YamlProcessor.java:134)
	at org.springframework.boot.env.OriginTrackedYamlLoader.load(OriginTrackedYamlLoader.java:75)
	at org.springframework.boot.env.YamlPropertySourceLoader.load(YamlPropertySourceLoader.java:50)
	at org.springframework.boot.context.config.ConfigFileApplicationListener$Loader.loadDocuments(ConfigFileApplicationListener.java:562)
	at org.springframework.boot.context.config.ConfigFileApplicationListener$Loader.load(ConfigFileApplicationListener.java:518)
	... 33 common frames omitted
[15:03:57.955][INFO ][ForkJoinPool.commonPool-worker-9][org.springframework.boot.StartupInfoLogger         :55 ] Starting application on KLS-WX-382 with PID 25808 (started by DELL in D:\workspace\myTool\virtual_wms_task)
[15:03:57.957][INFO ][ForkJoinPool.commonPool-worker-9][org.springframework.boot.SpringApplication         :655] The following profiles are active: dsl
[15:03:59.501][INFO ][ForkJoinPool.commonPool-worker-9][o.s.s.concurrent.ExecutorConfigurationSupport      :181] Initializing ExecutorService 'taskScheduler'
[15:03:59.533][INFO ][ForkJoinPool.commonPool-worker-9][org.springframework.boot.StartupInfoLogger         :61 ] Started application in 1.851 seconds (JVM running for 2.706)
[15:03:59.583][ERROR][JavaFX Application Thread][d.f.jfxsupport.AbstractJavaFxApplicationSupport    :218] Failed to load application: 
java.lang.IllegalStateException: Cannot load maintcpcontroller
	at de.felixroske.jfxsupport.AbstractFxmlView.loadSynchronously(AbstractFxmlView.java:162)
	at de.felixroske.jfxsupport.AbstractFxmlView.ensureFxmlLoaderInitialized(AbstractFxmlView.java:177)
	at de.felixroske.jfxsupport.AbstractFxmlView.getView(AbstractFxmlView.java:189)
	at de.felixroske.jfxsupport.AbstractJavaFxApplicationSupport.showView(AbstractJavaFxApplicationSupport.java:206)
	at de.felixroske.jfxsupport.AbstractJavaFxApplicationSupport.showInitialView(AbstractJavaFxApplicationSupport.java:185)
	at de.felixroske.jfxsupport.AbstractJavaFxApplicationSupport.lambda$start$6(AbstractJavaFxApplicationSupport.java:163)
	at com.sun.javafx.application.PlatformImpl.lambda$null$5(PlatformImpl.java:295)
	at java.security.AccessController.doPrivileged(Native Method)
	at com.sun.javafx.application.PlatformImpl.lambda$runLater$6(PlatformImpl.java:294)
	at com.sun.glass.ui.InvokeLaterDispatcher$Future.run$$$capture(InvokeLaterDispatcher.java:95)
	at com.sun.glass.ui.InvokeLaterDispatcher$Future.run(InvokeLaterDispatcher.java)
	at com.sun.glass.ui.win.WinApplication._runLoop(Native Method)
	at com.sun.glass.ui.win.WinApplication.lambda$null$3(WinApplication.java:177)
	at java.lang.Thread.run(Thread.java:748)
Caused by: javafx.fxml.LoadException: 
/D:/workspace/myTool/virtual_wms_task/target/classes/fxml/tcp/tcpClient.fxml:13
/D:/workspace/myTool/virtual_wms_task/target/classes/fxml/tcp/tcpMain.fxml:32

	at javafx.fxml.FXMLLoader.constructLoadException(FXMLLoader.java:2601)
	at javafx.fxml.FXMLLoader.loadImpl(FXMLLoader.java:2579)
	at javafx.fxml.FXMLLoader.loadImpl(FXMLLoader.java:2441)
	at javafx.fxml.FXMLLoader.access$2700(FXMLLoader.java:103)
	at javafx.fxml.FXMLLoader$IncludeElement.constructValue(FXMLLoader.java:1143)
	at javafx.fxml.FXMLLoader$ValueElement.processStartElement(FXMLLoader.java:746)
	at javafx.fxml.FXMLLoader.processStartElement(FXMLLoader.java:2707)
	at javafx.fxml.FXMLLoader.loadImpl(FXMLLoader.java:2527)
	at javafx.fxml.FXMLLoader.loadImpl(FXMLLoader.java:2441)
	at javafx.fxml.FXMLLoader.load(FXMLLoader.java:2409)
	at de.felixroske.jfxsupport.AbstractFxmlView.loadSynchronously(AbstractFxmlView.java:160)
	... 13 common frames omitted
Caused by: org.springframework.beans.factory.NoSuchBeanDefinitionException: No qualifying bean of type 'com.lee.control.tcp.MainTCPClientController' available
	at org.springframework.beans.factory.support.DefaultListableBeanFactory.getBean(DefaultListableBeanFactory.java:351)
	at org.springframework.beans.factory.support.DefaultListableBeanFactory.getBean(DefaultListableBeanFactory.java:342)
	at org.springframework.context.support.AbstractApplicationContext.getBean(AbstractApplicationContext.java:1126)
	at de.felixroske.jfxsupport.AbstractFxmlView.createControllerForType(AbstractFxmlView.java:119)
	at javafx.fxml.FXMLLoader$ValueElement.processAttribute(FXMLLoader.java:929)
	at javafx.fxml.FXMLLoader$InstanceDeclarationElement.processAttribute(FXMLLoader.java:971)
	at javafx.fxml.FXMLLoader$Element.processStartElement(FXMLLoader.java:220)
	at javafx.fxml.FXMLLoader$ValueElement.processStartElement(FXMLLoader.java:744)
	at javafx.fxml.FXMLLoader.processStartElement(FXMLLoader.java:2707)
	at javafx.fxml.FXMLLoader.loadImpl(FXMLLoader.java:2527)
	... 22 common frames omitted
[15:03:59.585][INFO ][common-thread-pool-0     ][com.zaxxer.hikari.HikariDataSource                 :110] HikariPool-1 - Starting...
[15:03:59.969][INFO ][common-thread-pool-0     ][com.zaxxer.hikari.HikariDataSource                 :123] HikariPool-1 - Start completed.
[15:04:01.531][INFO ][JavaFX Application Thread][o.s.s.concurrent.ExecutorConfigurationSupport      :218] Shutting down ExecutorService 'taskScheduler'
[15:04:01.533][INFO ][JavaFX Application Thread][com.zaxxer.hikari.HikariDataSource                 :350] HikariPool-1 - Shutdown initiated...
[15:04:01.536][INFO ][JavaFX Application Thread][com.zaxxer.hikari.HikariDataSource                 :352] HikariPool-1 - Shutdown completed.
[15:08:41.593][INFO ][ForkJoinPool.commonPool-worker-9][org.springframework.boot.StartupInfoLogger         :55 ] Starting application on KLS-WX-382 with PID 16440 (started by DELL in D:\workspace\myTool\virtual_wms_task)
[15:08:41.595][INFO ][ForkJoinPool.commonPool-worker-9][org.springframework.boot.SpringApplication         :655] The following profiles are active: dsl
[15:08:43.113][INFO ][ForkJoinPool.commonPool-worker-9][o.s.s.concurrent.ExecutorConfigurationSupport      :181] Initializing ExecutorService 'taskScheduler'
[15:08:43.144][INFO ][ForkJoinPool.commonPool-worker-9][org.springframework.boot.StartupInfoLogger         :61 ] Started application in 1.796 seconds (JVM running for 2.639)
[15:08:43.197][INFO ][common-thread-pool-0     ][com.zaxxer.hikari.HikariDataSource                 :110] HikariPool-1 - Starting...
[15:08:43.523][INFO ][common-thread-pool-0     ][com.zaxxer.hikari.HikariDataSource                 :123] HikariPool-1 - Start completed.
[15:08:43.613][ERROR][JavaFX Application Thread][d.f.jfxsupport.AbstractJavaFxApplicationSupport    :218] Failed to load application: 
java.lang.IllegalStateException: Cannot load maintcpcontroller
	at de.felixroske.jfxsupport.AbstractFxmlView.loadSynchronously(AbstractFxmlView.java:162)
	at de.felixroske.jfxsupport.AbstractFxmlView.ensureFxmlLoaderInitialized(AbstractFxmlView.java:177)
	at de.felixroske.jfxsupport.AbstractFxmlView.getView(AbstractFxmlView.java:189)
	at de.felixroske.jfxsupport.AbstractJavaFxApplicationSupport.showView(AbstractJavaFxApplicationSupport.java:206)
	at de.felixroske.jfxsupport.AbstractJavaFxApplicationSupport.showInitialView(AbstractJavaFxApplicationSupport.java:185)
	at de.felixroske.jfxsupport.AbstractJavaFxApplicationSupport.lambda$start$6(AbstractJavaFxApplicationSupport.java:163)
	at com.sun.javafx.application.PlatformImpl.lambda$null$5(PlatformImpl.java:295)
	at java.security.AccessController.doPrivileged(Native Method)
	at com.sun.javafx.application.PlatformImpl.lambda$runLater$6(PlatformImpl.java:294)
	at com.sun.glass.ui.InvokeLaterDispatcher$Future.run$$$capture(InvokeLaterDispatcher.java:95)
	at com.sun.glass.ui.InvokeLaterDispatcher$Future.run(InvokeLaterDispatcher.java)
	at com.sun.glass.ui.win.WinApplication._runLoop(Native Method)
	at com.sun.glass.ui.win.WinApplication.lambda$null$3(WinApplication.java:177)
	at java.lang.Thread.run(Thread.java:748)
Caused by: javafx.fxml.LoadException: 
/D:/workspace/myTool/virtual_wms_task/target/classes/fxml/tcp/tcpClientDsl.fxml
/D:/workspace/myTool/virtual_wms_task/target/classes/fxml/tcp/tcpMain.fxml:32

	at javafx.fxml.FXMLLoader.constructLoadException(FXMLLoader.java:2601)
	at javafx.fxml.FXMLLoader.loadImpl(FXMLLoader.java:2579)
	at javafx.fxml.FXMLLoader.loadImpl(FXMLLoader.java:2441)
	at javafx.fxml.FXMLLoader.access$2700(FXMLLoader.java:103)
	at javafx.fxml.FXMLLoader$IncludeElement.constructValue(FXMLLoader.java:1143)
	at javafx.fxml.FXMLLoader$ValueElement.processStartElement(FXMLLoader.java:746)
	at javafx.fxml.FXMLLoader.processStartElement(FXMLLoader.java:2707)
	at javafx.fxml.FXMLLoader.loadImpl(FXMLLoader.java:2527)
	at javafx.fxml.FXMLLoader.loadImpl(FXMLLoader.java:2441)
	at javafx.fxml.FXMLLoader.load(FXMLLoader.java:2409)
	at de.felixroske.jfxsupport.AbstractFxmlView.loadSynchronously(AbstractFxmlView.java:160)
	... 13 common frames omitted
Caused by: org.springframework.jdbc.BadSqlGrammarException: 
### Error querying database.  Cause: java.sql.SQLSyntaxErrorException: Table 'dsl.ga_boxlift' doesn't exist
### The error may exist in com/lee/database/mk/mapper/BoxliftMapper.java (best guess)
### The error may involve defaultParameterMap
### The error occurred while setting parameters
### SQL: SELECT  id,type,ip,port,pos,box_number,is_master  FROM ga_boxlift     WHERE (is_master = ?)
### Cause: java.sql.SQLSyntaxErrorException: Table 'dsl.ga_boxlift' doesn't exist
; bad SQL grammar []; nested exception is java.sql.SQLSyntaxErrorException: Table 'dsl.ga_boxlift' doesn't exist
	at org.springframework.jdbc.support.SQLErrorCodeSQLExceptionTranslator.doTranslate(SQLErrorCodeSQLExceptionTranslator.java:235)
	at org.springframework.jdbc.support.AbstractFallbackSQLExceptionTranslator.translate(AbstractFallbackSQLExceptionTranslator.java:72)
	at org.mybatis.spring.MyBatisExceptionTranslator.translateExceptionIfPossible(MyBatisExceptionTranslator.java:88)
	at org.mybatis.spring.SqlSessionTemplate$SqlSessionInterceptor.invoke(SqlSessionTemplate.java:440)
	at com.sun.proxy.$Proxy55.selectList(Unknown Source)
	at org.mybatis.spring.SqlSessionTemplate.selectList(SqlSessionTemplate.java:223)
	at com.baomidou.mybatisplus.core.override.MybatisMapperMethod.executeForMany(MybatisMapperMethod.java:177)
	at com.baomidou.mybatisplus.core.override.MybatisMapperMethod.execute(MybatisMapperMethod.java:78)
	at com.baomidou.mybatisplus.core.override.MybatisMapperProxy.invoke(MybatisMapperProxy.java:96)
	at com.sun.proxy.$Proxy56.selectList(Unknown Source)
	at sun.reflect.NativeMethodAccessorImpl.invoke0(Native Method)
	at sun.reflect.NativeMethodAccessorImpl.invoke(NativeMethodAccessorImpl.java:62)
	at sun.reflect.DelegatingMethodAccessorImpl.invoke(DelegatingMethodAccessorImpl.java:43)
	at java.lang.reflect.Method.invoke(Method.java:498)
	at org.springframework.aop.support.AopUtils.invokeJoinpointUsingReflection(AopUtils.java:344)
	at org.springframework.aop.framework.ReflectiveMethodInvocation.invokeJoinpoint(ReflectiveMethodInvocation.java:198)
	at org.springframework.aop.framework.ReflectiveMethodInvocation.proceed(ReflectiveMethodInvocation.java:163)
	at org.springframework.dao.support.PersistenceExceptionTranslationInterceptor.invoke(PersistenceExceptionTranslationInterceptor.java:139)
	at org.springframework.aop.framework.ReflectiveMethodInvocation.proceed(ReflectiveMethodInvocation.java:186)
	at org.springframework.aop.framework.JdkDynamicAopProxy.invoke(JdkDynamicAopProxy.java:212)
	at com.sun.proxy.$Proxy57.selectList(Unknown Source)
	at com.lee.database.mk.service.impl.BoxliftServiceImpl.allBoxLifts(BoxliftServiceImpl.java:33)
	at com.lee.database.mk.service.impl.BoxliftServiceImpl$$FastClassBySpringCGLIB$$9c66568.invoke(<generated>)
	at org.springframework.cglib.proxy.MethodProxy.invoke(MethodProxy.java:218)
	at org.springframework.aop.framework.CglibAopProxy$CglibMethodInvocation.invokeJoinpoint(CglibAopProxy.java:771)
	at org.springframework.aop.framework.ReflectiveMethodInvocation.proceed(ReflectiveMethodInvocation.java:163)
	at org.springframework.aop.framework.CglibAopProxy$CglibMethodInvocation.proceed(CglibAopProxy.java:749)
	at org.springframework.transaction.interceptor.TransactionAspectSupport.invokeWithinTransaction(TransactionAspectSupport.java:366)
	at org.springframework.transaction.interceptor.TransactionInterceptor.invoke(TransactionInterceptor.java:118)
	at org.springframework.aop.framework.ReflectiveMethodInvocation.proceed(ReflectiveMethodInvocation.java:186)
	at org.springframework.aop.framework.CglibAopProxy$CglibMethodInvocation.proceed(CglibAopProxy.java:749)
	at org.springframework.aop.framework.CglibAopProxy$DynamicAdvisedInterceptor.intercept(CglibAopProxy.java:691)
	at com.lee.database.mk.service.impl.BoxliftServiceImpl$$EnhancerBySpringCGLIB$$ade3ca42.allBoxLifts(<generated>)
	at com.lee.control.tcp.MainTCPClientDslController.initialize(MainTCPClientDslController.java:116)
	at javafx.fxml.FXMLLoader.loadImpl(FXMLLoader.java:2548)
	... 22 common frames omitted
Caused by: java.sql.SQLSyntaxErrorException: Table 'dsl.ga_boxlift' doesn't exist
	at com.mysql.cj.jdbc.exceptions.SQLError.createSQLException(SQLError.java:120)
	at com.mysql.cj.jdbc.exceptions.SQLExceptionsMapping.translateException(SQLExceptionsMapping.java:122)
	at com.mysql.cj.jdbc.ClientPreparedStatement.executeInternal(ClientPreparedStatement.java:953)
	at com.mysql.cj.jdbc.ClientPreparedStatement.execute(ClientPreparedStatement.java:371)
	at com.zaxxer.hikari.pool.ProxyPreparedStatement.execute(ProxyPreparedStatement.java:44)
	at com.zaxxer.hikari.pool.HikariProxyPreparedStatement.execute(HikariProxyPreparedStatement.java)
	at org.apache.ibatis.executor.statement.PreparedStatementHandler.query(PreparedStatementHandler.java:64)
	at org.apache.ibatis.executor.statement.RoutingStatementHandler.query(RoutingStatementHandler.java:79)
	at com.baomidou.mybatisplus.core.executor.MybatisSimpleExecutor.doQuery(MybatisSimpleExecutor.java:67)
	at org.apache.ibatis.executor.BaseExecutor.queryFromDatabase(BaseExecutor.java:324)
	at org.apache.ibatis.executor.BaseExecutor.query(BaseExecutor.java:156)
	at com.baomidou.mybatisplus.core.executor.MybatisCachingExecutor.query(MybatisCachingExecutor.java:163)
	at com.baomidou.mybatisplus.core.executor.MybatisCachingExecutor.query(MybatisCachingExecutor.java:90)
	at org.apache.ibatis.session.defaults.DefaultSqlSession.selectList(DefaultSqlSession.java:147)
	at org.apache.ibatis.session.defaults.DefaultSqlSession.selectList(DefaultSqlSession.java:140)
	at sun.reflect.NativeMethodAccessorImpl.invoke0(Native Method)
	at sun.reflect.NativeMethodAccessorImpl.invoke(NativeMethodAccessorImpl.java:62)
	at sun.reflect.DelegatingMethodAccessorImpl.invoke(DelegatingMethodAccessorImpl.java:43)
	at java.lang.reflect.Method.invoke(Method.java:498)
	at org.mybatis.spring.SqlSessionTemplate$SqlSessionInterceptor.invoke(SqlSessionTemplate.java:426)
	... 53 common frames omitted
[15:08:45.062][INFO ][JavaFX Application Thread][o.s.s.concurrent.ExecutorConfigurationSupport      :218] Shutting down ExecutorService 'taskScheduler'
[15:08:45.063][INFO ][JavaFX Application Thread][com.zaxxer.hikari.HikariDataSource                 :350] HikariPool-1 - Shutdown initiated...
[15:08:45.066][INFO ][JavaFX Application Thread][com.zaxxer.hikari.HikariDataSource                 :352] HikariPool-1 - Shutdown completed.
[15:10:32.216][INFO ][ForkJoinPool.commonPool-worker-9][org.springframework.boot.StartupInfoLogger         :55 ] Starting application on KLS-WX-382 with PID 20572 (started by DELL in D:\workspace\myTool\virtual_wms_task)
[15:10:32.219][INFO ][ForkJoinPool.commonPool-worker-9][org.springframework.boot.SpringApplication         :655] The following profiles are active: dsl
[15:10:33.718][INFO ][ForkJoinPool.commonPool-worker-9][o.s.s.concurrent.ExecutorConfigurationSupport      :181] Initializing ExecutorService 'taskScheduler'
[15:10:33.749][INFO ][ForkJoinPool.commonPool-worker-9][org.springframework.boot.StartupInfoLogger         :61 ] Started application in 1.781 seconds (JVM running for 2.643)
[15:10:33.799][INFO ][common-thread-pool-0     ][com.zaxxer.hikari.HikariDataSource                 :110] HikariPool-1 - Starting...
[15:10:34.137][INFO ][common-thread-pool-0     ][com.zaxxer.hikari.HikariDataSource                 :123] HikariPool-1 - Start completed.
[15:10:34.228][ERROR][JavaFX Application Thread][d.f.jfxsupport.AbstractJavaFxApplicationSupport    :218] Failed to load application: 
java.lang.IllegalStateException: Cannot load maintcpcontroller
	at de.felixroske.jfxsupport.AbstractFxmlView.loadSynchronously(AbstractFxmlView.java:162)
	at de.felixroske.jfxsupport.AbstractFxmlView.ensureFxmlLoaderInitialized(AbstractFxmlView.java:177)
	at de.felixroske.jfxsupport.AbstractFxmlView.getView(AbstractFxmlView.java:189)
	at de.felixroske.jfxsupport.AbstractJavaFxApplicationSupport.showView(AbstractJavaFxApplicationSupport.java:206)
	at de.felixroske.jfxsupport.AbstractJavaFxApplicationSupport.showInitialView(AbstractJavaFxApplicationSupport.java:185)
	at de.felixroske.jfxsupport.AbstractJavaFxApplicationSupport.lambda$start$6(AbstractJavaFxApplicationSupport.java:163)
	at com.sun.javafx.application.PlatformImpl.lambda$null$5(PlatformImpl.java:295)
	at java.security.AccessController.doPrivileged(Native Method)
	at com.sun.javafx.application.PlatformImpl.lambda$runLater$6(PlatformImpl.java:294)
	at com.sun.glass.ui.InvokeLaterDispatcher$Future.run$$$capture(InvokeLaterDispatcher.java:95)
	at com.sun.glass.ui.InvokeLaterDispatcher$Future.run(InvokeLaterDispatcher.java)
	at com.sun.glass.ui.win.WinApplication._runLoop(Native Method)
	at com.sun.glass.ui.win.WinApplication.lambda$null$3(WinApplication.java:177)
	at java.lang.Thread.run(Thread.java:748)
Caused by: javafx.fxml.LoadException: 
/D:/workspace/myTool/virtual_wms_task/target/classes/fxml/tcp/tcpClientDsl.fxml
/D:/workspace/myTool/virtual_wms_task/target/classes/fxml/tcp/tcpMain.fxml:32

	at javafx.fxml.FXMLLoader.constructLoadException(FXMLLoader.java:2601)
	at javafx.fxml.FXMLLoader.loadImpl(FXMLLoader.java:2579)
	at javafx.fxml.FXMLLoader.loadImpl(FXMLLoader.java:2441)
	at javafx.fxml.FXMLLoader.access$2700(FXMLLoader.java:103)
	at javafx.fxml.FXMLLoader$IncludeElement.constructValue(FXMLLoader.java:1143)
	at javafx.fxml.FXMLLoader$ValueElement.processStartElement(FXMLLoader.java:746)
	at javafx.fxml.FXMLLoader.processStartElement(FXMLLoader.java:2707)
	at javafx.fxml.FXMLLoader.loadImpl(FXMLLoader.java:2527)
	at javafx.fxml.FXMLLoader.loadImpl(FXMLLoader.java:2441)
	at javafx.fxml.FXMLLoader.load(FXMLLoader.java:2409)
	at de.felixroske.jfxsupport.AbstractFxmlView.loadSynchronously(AbstractFxmlView.java:160)
	... 13 common frames omitted
Caused by: org.springframework.jdbc.BadSqlGrammarException: 
### Error querying database.  Cause: java.sql.SQLSyntaxErrorException: Table 'dsl.ga_boxlift' doesn't exist
### The error may exist in com/lee/database/mk/mapper/BoxliftMapper.java (best guess)
### The error may involve defaultParameterMap
### The error occurred while setting parameters
### SQL: SELECT  id,type,ip,port,pos,box_number,is_master  FROM ga_boxlift     WHERE (is_master = ?)
### Cause: java.sql.SQLSyntaxErrorException: Table 'dsl.ga_boxlift' doesn't exist
; bad SQL grammar []; nested exception is java.sql.SQLSyntaxErrorException: Table 'dsl.ga_boxlift' doesn't exist
	at org.springframework.jdbc.support.SQLErrorCodeSQLExceptionTranslator.doTranslate(SQLErrorCodeSQLExceptionTranslator.java:235)
	at org.springframework.jdbc.support.AbstractFallbackSQLExceptionTranslator.translate(AbstractFallbackSQLExceptionTranslator.java:72)
	at org.mybatis.spring.MyBatisExceptionTranslator.translateExceptionIfPossible(MyBatisExceptionTranslator.java:88)
	at org.mybatis.spring.SqlSessionTemplate$SqlSessionInterceptor.invoke(SqlSessionTemplate.java:440)
	at com.sun.proxy.$Proxy55.selectList(Unknown Source)
	at org.mybatis.spring.SqlSessionTemplate.selectList(SqlSessionTemplate.java:223)
	at com.baomidou.mybatisplus.core.override.MybatisMapperMethod.executeForMany(MybatisMapperMethod.java:177)
	at com.baomidou.mybatisplus.core.override.MybatisMapperMethod.execute(MybatisMapperMethod.java:78)
	at com.baomidou.mybatisplus.core.override.MybatisMapperProxy.invoke(MybatisMapperProxy.java:96)
	at com.sun.proxy.$Proxy56.selectList(Unknown Source)
	at sun.reflect.NativeMethodAccessorImpl.invoke0(Native Method)
	at sun.reflect.NativeMethodAccessorImpl.invoke(NativeMethodAccessorImpl.java:62)
	at sun.reflect.DelegatingMethodAccessorImpl.invoke(DelegatingMethodAccessorImpl.java:43)
	at java.lang.reflect.Method.invoke(Method.java:498)
	at org.springframework.aop.support.AopUtils.invokeJoinpointUsingReflection(AopUtils.java:344)
	at org.springframework.aop.framework.ReflectiveMethodInvocation.invokeJoinpoint(ReflectiveMethodInvocation.java:198)
	at org.springframework.aop.framework.ReflectiveMethodInvocation.proceed(ReflectiveMethodInvocation.java:163)
	at org.springframework.dao.support.PersistenceExceptionTranslationInterceptor.invoke(PersistenceExceptionTranslationInterceptor.java:139)
	at org.springframework.aop.framework.ReflectiveMethodInvocation.proceed(ReflectiveMethodInvocation.java:186)
	at org.springframework.aop.framework.JdkDynamicAopProxy.invoke(JdkDynamicAopProxy.java:212)
	at com.sun.proxy.$Proxy57.selectList(Unknown Source)
	at com.lee.database.mk.service.impl.BoxliftServiceImpl.allBoxLifts(BoxliftServiceImpl.java:33)
	at com.lee.database.mk.service.impl.BoxliftServiceImpl$$FastClassBySpringCGLIB$$9c66568.invoke(<generated>)
	at org.springframework.cglib.proxy.MethodProxy.invoke(MethodProxy.java:218)
	at org.springframework.aop.framework.CglibAopProxy$CglibMethodInvocation.invokeJoinpoint(CglibAopProxy.java:771)
	at org.springframework.aop.framework.ReflectiveMethodInvocation.proceed(ReflectiveMethodInvocation.java:163)
	at org.springframework.aop.framework.CglibAopProxy$CglibMethodInvocation.proceed(CglibAopProxy.java:749)
	at org.springframework.transaction.interceptor.TransactionAspectSupport.invokeWithinTransaction(TransactionAspectSupport.java:366)
	at org.springframework.transaction.interceptor.TransactionInterceptor.invoke(TransactionInterceptor.java:118)
	at org.springframework.aop.framework.ReflectiveMethodInvocation.proceed(ReflectiveMethodInvocation.java:186)
	at org.springframework.aop.framework.CglibAopProxy$CglibMethodInvocation.proceed(CglibAopProxy.java:749)
	at org.springframework.aop.framework.CglibAopProxy$DynamicAdvisedInterceptor.intercept(CglibAopProxy.java:691)
	at com.lee.database.mk.service.impl.BoxliftServiceImpl$$EnhancerBySpringCGLIB$$dbccbb92.allBoxLifts(<generated>)
	at com.lee.control.tcp.MainTCPClientDslController.initialize(MainTCPClientDslController.java:116)
	at javafx.fxml.FXMLLoader.loadImpl(FXMLLoader.java:2548)
	... 22 common frames omitted
Caused by: java.sql.SQLSyntaxErrorException: Table 'dsl.ga_boxlift' doesn't exist
	at com.mysql.cj.jdbc.exceptions.SQLError.createSQLException(SQLError.java:120)
	at com.mysql.cj.jdbc.exceptions.SQLExceptionsMapping.translateException(SQLExceptionsMapping.java:122)
	at com.mysql.cj.jdbc.ClientPreparedStatement.executeInternal(ClientPreparedStatement.java:953)
	at com.mysql.cj.jdbc.ClientPreparedStatement.execute(ClientPreparedStatement.java:371)
	at com.zaxxer.hikari.pool.ProxyPreparedStatement.execute(ProxyPreparedStatement.java:44)
	at com.zaxxer.hikari.pool.HikariProxyPreparedStatement.execute(HikariProxyPreparedStatement.java)
	at org.apache.ibatis.executor.statement.PreparedStatementHandler.query(PreparedStatementHandler.java:64)
	at org.apache.ibatis.executor.statement.RoutingStatementHandler.query(RoutingStatementHandler.java:79)
	at com.baomidou.mybatisplus.core.executor.MybatisSimpleExecutor.doQuery(MybatisSimpleExecutor.java:67)
	at org.apache.ibatis.executor.BaseExecutor.queryFromDatabase(BaseExecutor.java:324)
	at org.apache.ibatis.executor.BaseExecutor.query(BaseExecutor.java:156)
	at com.baomidou.mybatisplus.core.executor.MybatisCachingExecutor.query(MybatisCachingExecutor.java:163)
	at com.baomidou.mybatisplus.core.executor.MybatisCachingExecutor.query(MybatisCachingExecutor.java:90)
	at org.apache.ibatis.session.defaults.DefaultSqlSession.selectList(DefaultSqlSession.java:147)
	at org.apache.ibatis.session.defaults.DefaultSqlSession.selectList(DefaultSqlSession.java:140)
	at sun.reflect.NativeMethodAccessorImpl.invoke0(Native Method)
	at sun.reflect.NativeMethodAccessorImpl.invoke(NativeMethodAccessorImpl.java:62)
	at sun.reflect.DelegatingMethodAccessorImpl.invoke(DelegatingMethodAccessorImpl.java:43)
	at java.lang.reflect.Method.invoke(Method.java:498)
	at org.mybatis.spring.SqlSessionTemplate$SqlSessionInterceptor.invoke(SqlSessionTemplate.java:426)
	... 53 common frames omitted
[15:10:35.563][INFO ][JavaFX Application Thread][o.s.s.concurrent.ExecutorConfigurationSupport      :218] Shutting down ExecutorService 'taskScheduler'
[15:10:35.565][INFO ][JavaFX Application Thread][com.zaxxer.hikari.HikariDataSource                 :350] HikariPool-1 - Shutdown initiated...
[15:10:35.568][INFO ][JavaFX Application Thread][com.zaxxer.hikari.HikariDataSource                 :352] HikariPool-1 - Shutdown completed.
[15:10:53.247][INFO ][ForkJoinPool.commonPool-worker-9][org.springframework.boot.StartupInfoLogger         :55 ] Starting application on KLS-WX-382 with PID 29424 (started by DELL in D:\workspace\myTool\virtual_wms_task)
[15:10:53.249][INFO ][ForkJoinPool.commonPool-worker-9][org.springframework.boot.SpringApplication         :655] The following profiles are active: dsl
[15:10:54.665][INFO ][ForkJoinPool.commonPool-worker-9][o.s.s.concurrent.ExecutorConfigurationSupport      :181] Initializing ExecutorService 'taskScheduler'
[15:10:54.697][INFO ][ForkJoinPool.commonPool-worker-9][org.springframework.boot.StartupInfoLogger         :61 ] Started application in 1.699 seconds (JVM running for 2.575)
[15:10:54.749][INFO ][common-thread-pool-0     ][com.zaxxer.hikari.HikariDataSource                 :110] HikariPool-1 - Starting...
[15:10:55.109][INFO ][common-thread-pool-0     ][com.zaxxer.hikari.HikariDataSource                 :123] HikariPool-1 - Start completed.
[15:11:28.126][INFO ][SpringContextShutdownHook][o.s.s.concurrent.ExecutorConfigurationSupport      :218] Shutting down ExecutorService 'taskScheduler'
[15:11:28.129][INFO ][SpringContextShutdownHook][com.zaxxer.hikari.HikariDataSource                 :350] HikariPool-1 - Shutdown initiated...
[15:11:28.130][ERROR][scheduling-1             ][com.lee.util.ThreadUtil                            :57 ] sleep exception: sleep interrupted
java.lang.InterruptedException: sleep interrupted
	at java.lang.Thread.sleep(Native Method)
	at com.lee.util.ThreadUtil.sleep(ThreadUtil.java:55)
	at com.lee.control.tcp.MainTCPClientDslController.putBoxOnLineByRequest(MainTCPClientDslController.java:199)
	at sun.reflect.GeneratedMethodAccessor52.invoke(Unknown Source)
	at sun.reflect.DelegatingMethodAccessorImpl.invoke(DelegatingMethodAccessorImpl.java:43)
	at java.lang.reflect.Method.invoke(Method.java:498)
	at org.springframework.scheduling.support.ScheduledMethodRunnable.run(ScheduledMethodRunnable.java:84)
	at org.springframework.scheduling.support.DelegatingErrorHandlingRunnable.run(DelegatingErrorHandlingRunnable.java:54)
	at java.util.concurrent.Executors$RunnableAdapter.call(Executors.java:511)
	at java.util.concurrent.FutureTask.runAndReset$$$capture(FutureTask.java:308)
	at java.util.concurrent.FutureTask.runAndReset(FutureTask.java)
	at java.util.concurrent.ScheduledThreadPoolExecutor$ScheduledFutureTask.access$301(ScheduledThreadPoolExecutor.java:180)
	at java.util.concurrent.ScheduledThreadPoolExecutor$ScheduledFutureTask.run(ScheduledThreadPoolExecutor.java:294)
	at java.util.concurrent.ThreadPoolExecutor.runWorker(ThreadPoolExecutor.java:1149)
	at java.util.concurrent.ThreadPoolExecutor$Worker.run(ThreadPoolExecutor.java:624)
	at java.lang.Thread.run(Thread.java:748)
[15:11:28.131][INFO ][SpringContextShutdownHook][com.zaxxer.hikari.HikariDataSource                 :352] HikariPool-1 - Shutdown completed.
[17:21:13.842][INFO ][ForkJoinPool.commonPool-worker-9][org.springframework.boot.StartupInfoLogger         :55 ] Starting application on KLS-WX-382 with PID 22408 (started by DELL in D:\workspace\myTool\virtual_wms_task)
[17:21:13.844][INFO ][ForkJoinPool.commonPool-worker-9][org.springframework.boot.SpringApplication         :655] The following profiles are active: dsl
[17:21:15.375][INFO ][ForkJoinPool.commonPool-worker-9][o.s.s.concurrent.ExecutorConfigurationSupport      :181] Initializing ExecutorService 'taskScheduler'
[17:21:15.407][INFO ][ForkJoinPool.commonPool-worker-9][org.springframework.boot.StartupInfoLogger         :61 ] Started application in 1.809 seconds (JVM running for 2.673)
[17:21:15.457][INFO ][common-thread-pool-0     ][com.zaxxer.hikari.HikariDataSource                 :110] HikariPool-1 - Starting...
[17:21:15.802][INFO ][common-thread-pool-0     ][com.zaxxer.hikari.HikariDataSource                 :123] HikariPool-1 - Start completed.
[17:21:15.883][INFO ][JavaFX Application Thread][com.lee.control.tcp.MainTCPClientDslController     :113] boxLift-1 线程启动
[17:21:15.884][INFO ][JavaFX Application Thread][com.lee.control.tcp.MainTCPClientDslController     :113] boxLift-2 线程启动
[17:21:15.884][INFO ][JavaFX Application Thread][com.lee.control.tcp.MainTCPClientDslController     :113] boxLift-3 线程启动
[17:21:15.884][INFO ][boxLift1                 ][com.lee.control.tcp.MainTCPClientDslController     :215] BoxLift-[1], pos: 210110, ip: 10.2.7.154, start...
[17:21:15.884][INFO ][boxLift2                 ][com.lee.control.tcp.MainTCPClientDslController     :215] BoxLift-[2], pos: 310110, ip: 10.2.7.154, start...
[17:21:15.884][INFO ][JavaFX Application Thread][com.lee.control.tcp.MainTCPClientDslController     :113] boxLift-4 线程启动
[17:21:15.884][INFO ][JavaFX Application Thread][com.lee.control.tcp.MainTCPClientDslController     :113] boxLift-5 线程启动
[17:21:15.884][INFO ][boxLift3                 ][com.lee.control.tcp.MainTCPClientDslController     :215] BoxLift-[3], pos: 410110, ip: 10.2.7.154, start...
[17:21:15.885][INFO ][boxLift4                 ][com.lee.control.tcp.MainTCPClientDslController     :215] BoxLift-[4], pos: 510110, ip: 10.2.7.154, start...
[17:21:15.885][INFO ][JavaFX Application Thread][com.lee.control.tcp.MainTCPClientDslController     :113] boxLift-6 线程启动
[17:21:15.885][INFO ][boxLift5                 ][com.lee.control.tcp.MainTCPClientDslController     :215] BoxLift-[5], pos: 610110, ip: 10.2.7.154, start...
[17:21:15.885][INFO ][boxLift6                 ][com.lee.control.tcp.MainTCPClientDslController     :215] BoxLift-[6], pos: 710110, ip: 10.2.7.154, start...
[17:21:15.885][INFO ][JavaFX Application Thread][com.lee.control.tcp.MainTCPClientDslController     :124] init success
[17:21:29.565][INFO ][SpringContextShutdownHook][o.s.s.concurrent.ExecutorConfigurationSupport      :218] Shutting down ExecutorService 'taskScheduler'
[17:21:29.568][INFO ][SpringContextShutdownHook][com.zaxxer.hikari.HikariDataSource                 :350] HikariPool-1 - Shutdown initiated...
[17:21:29.568][ERROR][scheduling-1             ][com.lee.util.ThreadUtil                            :57 ] sleep exception: sleep interrupted
java.lang.InterruptedException: sleep interrupted
	at java.lang.Thread.sleep(Native Method)
	at com.lee.util.ThreadUtil.sleep(ThreadUtil.java:55)
	at com.lee.control.tcp.MainTCPClientDslController.pushTaskGenerate(MainTCPClientDslController.java:205)
	at sun.reflect.NativeMethodAccessorImpl.invoke0(Native Method)
	at sun.reflect.NativeMethodAccessorImpl.invoke(NativeMethodAccessorImpl.java:62)
	at sun.reflect.DelegatingMethodAccessorImpl.invoke(DelegatingMethodAccessorImpl.java:43)
	at java.lang.reflect.Method.invoke(Method.java:498)
	at org.springframework.scheduling.support.ScheduledMethodRunnable.run(ScheduledMethodRunnable.java:84)
	at org.springframework.scheduling.support.DelegatingErrorHandlingRunnable.run(DelegatingErrorHandlingRunnable.java:54)
	at java.util.concurrent.Executors$RunnableAdapter.call(Executors.java:511)
	at java.util.concurrent.FutureTask.runAndReset$$$capture(FutureTask.java:308)
	at java.util.concurrent.FutureTask.runAndReset(FutureTask.java)
	at java.util.concurrent.ScheduledThreadPoolExecutor$ScheduledFutureTask.access$301(ScheduledThreadPoolExecutor.java:180)
	at java.util.concurrent.ScheduledThreadPoolExecutor$ScheduledFutureTask.run(ScheduledThreadPoolExecutor.java:294)
	at java.util.concurrent.ThreadPoolExecutor.runWorker(ThreadPoolExecutor.java:1149)
	at java.util.concurrent.ThreadPoolExecutor$Worker.run(ThreadPoolExecutor.java:624)
	at java.lang.Thread.run(Thread.java:748)
[17:21:29.571][INFO ][SpringContextShutdownHook][com.zaxxer.hikari.HikariDataSource                 :352] HikariPool-1 - Shutdown completed.
[17:22:33.201][INFO ][ForkJoinPool.commonPool-worker-9][org.springframework.boot.StartupInfoLogger         :55 ] Starting application on KLS-WX-382 with PID 9552 (started by DELL in D:\workspace\myTool\virtual_wms_task)
[17:22:33.203][INFO ][ForkJoinPool.commonPool-worker-9][org.springframework.boot.SpringApplication         :655] The following profiles are active: dsl
[17:22:34.717][INFO ][ForkJoinPool.commonPool-worker-9][o.s.s.concurrent.ExecutorConfigurationSupport      :181] Initializing ExecutorService 'taskScheduler'
[17:22:34.748][INFO ][ForkJoinPool.commonPool-worker-9][org.springframework.boot.StartupInfoLogger         :61 ] Started application in 1.796 seconds (JVM running for 2.704)
[17:22:34.798][INFO ][common-thread-pool-0     ][com.zaxxer.hikari.HikariDataSource                 :110] HikariPool-1 - Starting...
[17:22:35.139][INFO ][common-thread-pool-0     ][com.zaxxer.hikari.HikariDataSource                 :123] HikariPool-1 - Start completed.
[17:22:35.171][INFO ][JavaFX Application Thread][com.lee.control.tcp.MainTCPClientDslController     :113] boxLift-1 线程启动
[17:22:35.172][INFO ][JavaFX Application Thread][com.lee.control.tcp.MainTCPClientDslController     :113] boxLift-2 线程启动
[17:22:35.172][INFO ][JavaFX Application Thread][com.lee.control.tcp.MainTCPClientDslController     :113] boxLift-3 线程启动
[17:22:35.172][INFO ][JavaFX Application Thread][com.lee.control.tcp.MainTCPClientDslController     :113] boxLift-4 线程启动
[17:22:35.172][INFO ][boxLift1                 ][com.lee.control.tcp.MainTCPClientDslController     :215] BoxLift-[1], pos: 210110, ip: 10.2.7.154, start...
[17:22:35.172][INFO ][boxLift2                 ][com.lee.control.tcp.MainTCPClientDslController     :215] BoxLift-[2], pos: 310110, ip: 10.2.7.154, start...
[17:22:35.172][INFO ][JavaFX Application Thread][com.lee.control.tcp.MainTCPClientDslController     :113] boxLift-5 线程启动
[17:22:35.172][INFO ][boxLift3                 ][com.lee.control.tcp.MainTCPClientDslController     :215] BoxLift-[3], pos: 410110, ip: 10.2.7.154, start...
[17:22:35.172][INFO ][JavaFX Application Thread][com.lee.control.tcp.MainTCPClientDslController     :113] boxLift-6 线程启动
[17:22:35.172][INFO ][boxLift4                 ][com.lee.control.tcp.MainTCPClientDslController     :215] BoxLift-[4], pos: 510110, ip: 10.2.7.154, start...
[17:22:35.173][INFO ][boxLift5                 ][com.lee.control.tcp.MainTCPClientDslController     :215] BoxLift-[5], pos: 610110, ip: 10.2.7.154, start...
[17:22:35.173][INFO ][boxLift6                 ][com.lee.control.tcp.MainTCPClientDslController     :215] BoxLift-[6], pos: 710110, ip: 10.2.7.154, start...
[17:22:35.173][INFO ][JavaFX Application Thread][com.lee.control.tcp.MainTCPClientDslController     :124] init success
[17:22:35.211][INFO ][common-thread-pool-1     ][com.lee.control.tcp.MainTCPClientDslController     :135] init msgId: 1, outBoxId: 1, moveBoxId: 1
[17:22:35.223][INFO ][common-thread-pool-1     ][com.lee.control.tcp.MainTCPClientDslController     :136] levels: [1, 2, 3, 4, 5, 6, 7, 8, 9, 10, 11, 12, 13, 14, 15, 16, 17, 18, 19]
[17:22:35.223][INFO ][common-thread-pool-1     ][com.lee.control.tcp.MainTCPClientDslController     :137] aisles: [11, 21, 31, 41, 51, 61, 71, 81, 91, 101, 111, 121]
[17:23:28.792][INFO ][SpringContextShutdownHook][o.s.s.concurrent.ExecutorConfigurationSupport      :218] Shutting down ExecutorService 'taskScheduler'
[17:23:28.795][INFO ][SpringContextShutdownHook][com.zaxxer.hikari.HikariDataSource                 :350] HikariPool-1 - Shutdown initiated...
[17:23:28.795][ERROR][scheduling-1             ][com.lee.util.ThreadUtil                            :57 ] sleep exception: sleep interrupted
java.lang.InterruptedException: sleep interrupted
	at java.lang.Thread.sleep(Native Method)
	at com.lee.util.ThreadUtil.sleep(ThreadUtil.java:55)
	at com.lee.control.tcp.MainTCPClientDslController.pushTaskGenerate(MainTCPClientDslController.java:205)
	at sun.reflect.GeneratedMethodAccessor53.invoke(Unknown Source)
	at sun.reflect.DelegatingMethodAccessorImpl.invoke(DelegatingMethodAccessorImpl.java:43)
	at java.lang.reflect.Method.invoke(Method.java:498)
	at org.springframework.scheduling.support.ScheduledMethodRunnable.run(ScheduledMethodRunnable.java:84)
	at org.springframework.scheduling.support.DelegatingErrorHandlingRunnable.run(DelegatingErrorHandlingRunnable.java:54)
	at java.util.concurrent.Executors$RunnableAdapter.call(Executors.java:511)
	at java.util.concurrent.FutureTask.runAndReset$$$capture(FutureTask.java:308)
	at java.util.concurrent.FutureTask.runAndReset(FutureTask.java)
	at java.util.concurrent.ScheduledThreadPoolExecutor$ScheduledFutureTask.access$301(ScheduledThreadPoolExecutor.java:180)
	at java.util.concurrent.ScheduledThreadPoolExecutor$ScheduledFutureTask.run(ScheduledThreadPoolExecutor.java:294)
	at java.util.concurrent.ThreadPoolExecutor.runWorker(ThreadPoolExecutor.java:1149)
	at java.util.concurrent.ThreadPoolExecutor$Worker.run(ThreadPoolExecutor.java:624)
	at java.lang.Thread.run(Thread.java:748)
[17:23:28.798][INFO ][SpringContextShutdownHook][com.zaxxer.hikari.HikariDataSource                 :352] HikariPool-1 - Shutdown completed.
[17:23:33.548][INFO ][ForkJoinPool.commonPool-worker-9][org.springframework.boot.StartupInfoLogger         :55 ] Starting application on KLS-WX-382 with PID 13428 (started by DELL in D:\workspace\myTool\virtual_wms_task)
[17:23:33.550][INFO ][ForkJoinPool.commonPool-worker-9][org.springframework.boot.SpringApplication         :655] The following profiles are active: dsl
[17:23:35.014][INFO ][ForkJoinPool.commonPool-worker-9][o.s.s.concurrent.ExecutorConfigurationSupport      :181] Initializing ExecutorService 'taskScheduler'
[17:23:35.045][INFO ][ForkJoinPool.commonPool-worker-9][org.springframework.boot.StartupInfoLogger         :61 ] Started application in 1.765 seconds (JVM running for 2.683)
[17:23:35.141][INFO ][common-thread-pool-0     ][com.zaxxer.hikari.HikariDataSource                 :110] HikariPool-1 - Starting...
[17:23:35.473][INFO ][common-thread-pool-0     ][com.zaxxer.hikari.HikariDataSource                 :123] HikariPool-1 - Start completed.
[17:23:35.500][INFO ][JavaFX Application Thread][com.lee.control.tcp.MainTCPClientDslController     :113] boxLift-1 线程启动
[17:23:35.501][INFO ][JavaFX Application Thread][com.lee.control.tcp.MainTCPClientDslController     :113] boxLift-2 线程启动
[17:23:35.501][INFO ][JavaFX Application Thread][com.lee.control.tcp.MainTCPClientDslController     :113] boxLift-3 线程启动
[17:23:35.501][INFO ][boxLift1                 ][com.lee.control.tcp.MainTCPClientDslController     :215] BoxLift-[1], pos: 210110, ip: 10.2.7.154, start...
[17:23:35.501][INFO ][boxLift2                 ][com.lee.control.tcp.MainTCPClientDslController     :215] BoxLift-[2], pos: 310110, ip: 10.2.7.154, start...
[17:23:35.501][INFO ][JavaFX Application Thread][com.lee.control.tcp.MainTCPClientDslController     :113] boxLift-4 线程启动
[17:23:35.501][INFO ][JavaFX Application Thread][com.lee.control.tcp.MainTCPClientDslController     :113] boxLift-5 线程启动
[17:23:35.501][INFO ][boxLift3                 ][com.lee.control.tcp.MainTCPClientDslController     :215] BoxLift-[3], pos: 410110, ip: 10.2.7.154, start...
[17:23:35.501][INFO ][JavaFX Application Thread][com.lee.control.tcp.MainTCPClientDslController     :113] boxLift-6 线程启动
[17:23:35.501][INFO ][boxLift4                 ][com.lee.control.tcp.MainTCPClientDslController     :215] BoxLift-[4], pos: 510110, ip: 10.2.7.154, start...
[17:23:35.502][INFO ][boxLift5                 ][com.lee.control.tcp.MainTCPClientDslController     :215] BoxLift-[5], pos: 610110, ip: 10.2.7.154, start...
[17:23:35.502][INFO ][boxLift6                 ][com.lee.control.tcp.MainTCPClientDslController     :215] BoxLift-[6], pos: 710110, ip: 10.2.7.154, start...
[17:23:35.502][INFO ][JavaFX Application Thread][com.lee.control.tcp.MainTCPClientDslController     :124] init success
[17:23:35.527][INFO ][common-thread-pool-0     ][com.lee.control.tcp.MainTCPClientDslController     :135] init msgId: 1, outBoxId: 1, moveBoxId: 1
[17:23:35.529][INFO ][common-thread-pool-0     ][com.lee.control.tcp.MainTCPClientDslController     :136] levels: [1, 2, 3, 4, 5, 6, 7, 8, 9, 10, 11, 12, 13, 14, 15, 16, 17, 18, 19]
[17:23:35.529][INFO ][common-thread-pool-0     ][com.lee.control.tcp.MainTCPClientDslController     :137] aisles: [11, 21, 31, 41, 51, 61, 71, 81, 91, 101, 111, 121]
[17:24:00.736][INFO ][nioEventLoopGroup-2-1    ][com.lee.netty.NettyServer                          :45 ] Netty Server init over, result:true, port: 9999
[17:24:12.319][INFO ][SpringContextShutdownHook][o.s.s.concurrent.ExecutorConfigurationSupport      :218] Shutting down ExecutorService 'taskScheduler'
[17:24:12.320][INFO ][SpringContextShutdownHook][com.zaxxer.hikari.HikariDataSource                 :350] HikariPool-1 - Shutdown initiated...
[17:24:12.320][ERROR][scheduling-1             ][com.lee.util.ThreadUtil                            :57 ] sleep exception: sleep interrupted
java.lang.InterruptedException: sleep interrupted
	at java.lang.Thread.sleep(Native Method)
	at com.lee.util.ThreadUtil.sleep(ThreadUtil.java:55)
	at com.lee.control.tcp.MainTCPClientDslController.pushTaskGenerate(MainTCPClientDslController.java:205)
	at sun.reflect.GeneratedMethodAccessor52.invoke(Unknown Source)
	at sun.reflect.DelegatingMethodAccessorImpl.invoke(DelegatingMethodAccessorImpl.java:43)
	at java.lang.reflect.Method.invoke(Method.java:498)
	at org.springframework.scheduling.support.ScheduledMethodRunnable.run(ScheduledMethodRunnable.java:84)
	at org.springframework.scheduling.support.DelegatingErrorHandlingRunnable.run(DelegatingErrorHandlingRunnable.java:54)
	at java.util.concurrent.Executors$RunnableAdapter.call(Executors.java:511)
	at java.util.concurrent.FutureTask.runAndReset$$$capture(FutureTask.java:308)
	at java.util.concurrent.FutureTask.runAndReset(FutureTask.java)
	at java.util.concurrent.ScheduledThreadPoolExecutor$ScheduledFutureTask.access$301(ScheduledThreadPoolExecutor.java:180)
	at java.util.concurrent.ScheduledThreadPoolExecutor$ScheduledFutureTask.run(ScheduledThreadPoolExecutor.java:294)
	at java.util.concurrent.ThreadPoolExecutor.runWorker(ThreadPoolExecutor.java:1149)
	at java.util.concurrent.ThreadPoolExecutor$Worker.run(ThreadPoolExecutor.java:624)
	at java.lang.Thread.run(Thread.java:748)
[17:24:12.323][INFO ][SpringContextShutdownHook][com.zaxxer.hikari.HikariDataSource                 :352] HikariPool-1 - Shutdown completed.
